<?xml version="1.0" encoding="UTF-8"?>
<testng-results ignored="0" total="1" passed="1" failed="0" skipped="0">
  <reporter-output>
  </reporter-output>
  <suite started-at="2022-05-26T00:22:52 IST" name="Default suite" finished-at="2022-05-26T00:22:54 IST" duration-ms="1991">
    <groups>
    </groups>
    <test started-at="2022-05-26T00:22:52 IST" name="Default test" finished-at="2022-05-26T00:22:54 IST" duration-ms="1991">
      <class name="tests.PutPatchDelete">
        <test-method signature="delete()[pri:0, instance:tests.PutPatchDelete@366647c2]" started-at="2022-05-26T00:22:52 IST" name="delete" finished-at="2022-05-26T00:22:54 IST" duration-ms="1954" status="PASS">
          <reporter-output>
          </reporter-output>
        </test-method> <!-- delete -->
      </class> <!-- tests.PutPatchDelete -->
    </test> <!-- Default test -->
  </suite> <!-- Default suite -->
</testng-results>
